<?xml version="1.0" encoding="UTF-8"?>
<testsuite xmlns:xsi="http://www.w3.org/2001/XMLSchema-instance" xsi:noNamespaceSchemaLocation="https://maven.apache.org/surefire/maven-surefire-plugin/xsd/surefire-test-report.xsd" name="com.controller.MessageControllerTest" time="25.029" tests="3" errors="0" skipped="0" failures="1">
  <properties>
    <property name="sun.desktop" value="windows"/>
    <property name="awt.toolkit" value="sun.awt.windows.WToolkit"/>
    <property name="file.encoding.pkg" value="sun.io"/>
    <property name="java.specification.version" value="1.8"/>
    <property name="sun.cpu.isalist" value="amd64"/>
    <property name="sun.jnu.encoding" value="Cp1252"/>
    <property name="java.class.path" value="C:\Users\IN-LY-030\Desktop\PROJETTTTTTTT\Projet_Banque_1\target\test-classes;C:\Users\IN-LY-030\Desktop\PROJETTTTTTTT\Projet_Banque_1\target\classes;C:\Users\IN-LY-030\.m2\repository\org\mockito\mockito-all\2.0.2-beta\mockito-all-2.0.2-beta.jar;C:\Users\IN-LY-030\.m2\repository\net\bytebuddy\byte-buddy\1.7.11\byte-buddy-1.7.11.jar;C:\Users\IN-LY-030\.m2\repository\net\bytebuddy\byte-buddy-agent\1.7.11\byte-buddy-agent-1.7.11.jar;C:\Users\IN-LY-030\.m2\repository\org\springframework\boot\spring-boot-starter-data-jpa\2.0.2.RELEASE\spring-boot-starter-data-jpa-2.0.2.RELEASE.jar;C:\Users\IN-LY-030\.m2\repository\org\springframework\boot\spring-boot-starter\2.0.2.RELEASE\spring-boot-starter-2.0.2.RELEASE.jar;C:\Users\IN-LY-030\.m2\repository\org\springframework\boot\spring-boot-starter-logging\2.0.2.RELEASE\spring-boot-starter-logging-2.0.2.RELEASE.jar;C:\Users\IN-LY-030\.m2\repository\ch\qos\logback\logback-classic\1.2.3\logback-classic-1.2.3.jar;C:\Users\IN-LY-030\.m2\repository\ch\qos\logback\logback-core\1.2.3\logback-core-1.2.3.jar;C:\Users\IN-LY-030\.m2\repository\org\apache\logging\log4j\log4j-to-slf4j\2.10.0\log4j-to-slf4j-2.10.0.jar;C:\Users\IN-LY-030\.m2\repository\org\apache\logging\log4j\log4j-api\2.10.0\log4j-api-2.10.0.jar;C:\Users\IN-LY-030\.m2\repository\org\slf4j\jul-to-slf4j\1.7.25\jul-to-slf4j-1.7.25.jar;C:\Users\IN-LY-030\.m2\repository\javax\annotation\javax.annotation-api\1.3.2\javax.annotation-api-1.3.2.jar;C:\Users\IN-LY-030\.m2\repository\org\yaml\snakeyaml\1.19\snakeyaml-1.19.jar;C:\Users\IN-LY-030\.m2\repository\org\springframework\boot\spring-boot-starter-aop\2.0.2.RELEASE\spring-boot-starter-aop-2.0.2.RELEASE.jar;C:\Users\IN-LY-030\.m2\repository\org\springframework\spring-aop\5.0.6.RELEASE\spring-aop-5.0.6.RELEASE.jar;C:\Users\IN-LY-030\.m2\repository\org\aspectj\aspectjweaver\1.8.13\aspectjweaver-1.8.13.jar;C:\Users\IN-LY-030\.m2\repository\org\springframework\boot\spring-boot-starter-jdbc\2.0.2.RELEASE\spring-boot-starter-jdbc-2.0.2.RELEASE.jar;C:\Users\IN-LY-030\.m2\repository\com\zaxxer\HikariCP\2.7.9\HikariCP-2.7.9.jar;C:\Users\IN-LY-030\.m2\repository\org\springframework\spring-jdbc\5.0.6.RELEASE\spring-jdbc-5.0.6.RELEASE.jar;C:\Users\IN-LY-030\.m2\repository\org\hibernate\hibernate-core\5.2.17.Final\hibernate-core-5.2.17.Final.jar;C:\Users\IN-LY-030\.m2\repository\org\jboss\logging\jboss-logging\3.3.2.Final\jboss-logging-3.3.2.Final.jar;C:\Users\IN-LY-030\.m2\repository\org\hibernate\javax\persistence\hibernate-jpa-2.1-api\1.0.0.Final\hibernate-jpa-2.1-api-1.0.0.Final.jar;C:\Users\IN-LY-030\.m2\repository\org\javassist\javassist\3.22.0-GA\javassist-3.22.0-GA.jar;C:\Users\IN-LY-030\.m2\repository\antlr\antlr\2.7.7\antlr-2.7.7.jar;C:\Users\IN-LY-030\.m2\repository\org\jboss\jandex\2.0.3.Final\jandex-2.0.3.Final.jar;C:\Users\IN-LY-030\.m2\repository\com\fasterxml\classmate\1.3.4\classmate-1.3.4.jar;C:\Users\IN-LY-030\.m2\repository\dom4j\dom4j\1.6.1\dom4j-1.6.1.jar;C:\Users\IN-LY-030\.m2\repository\org\hibernate\common\hibernate-commons-annotations\5.0.1.Final\hibernate-commons-annotations-5.0.1.Final.jar;C:\Users\IN-LY-030\.m2\repository\javax\transaction\javax.transaction-api\1.2\javax.transaction-api-1.2.jar;C:\Users\IN-LY-030\.m2\repository\org\springframework\data\spring-data-jpa\2.0.7.RELEASE\spring-data-jpa-2.0.7.RELEASE.jar;C:\Users\IN-LY-030\.m2\repository\org\springframework\data\spring-data-commons\2.0.7.RELEASE\spring-data-commons-2.0.7.RELEASE.jar;C:\Users\IN-LY-030\.m2\repository\org\springframework\spring-orm\5.0.6.RELEASE\spring-orm-5.0.6.RELEASE.jar;C:\Users\IN-LY-030\.m2\repository\org\springframework\spring-context\5.0.6.RELEASE\spring-context-5.0.6.RELEASE.jar;C:\Users\IN-LY-030\.m2\repository\org\springframework\spring-tx\5.0.6.RELEASE\spring-tx-5.0.6.RELEASE.jar;C:\Users\IN-LY-030\.m2\repository\org\springframework\spring-beans\5.0.6.RELEASE\spring-beans-5.0.6.RELEASE.jar;C:\Users\IN-LY-030\.m2\repository\org\slf4j\slf4j-api\1.7.25\slf4j-api-1.7.25.jar;C:\Users\IN-LY-030\.m2\repository\org\springframework\spring-aspects\5.0.6.RELEASE\spring-aspects-5.0.6.RELEASE.jar;C:\Users\IN-LY-030\.m2\repository\org\springframework\boot\spring-boot-starter-thymeleaf\2.0.2.RELEASE\spring-boot-starter-thymeleaf-2.0.2.RELEASE.jar;C:\Users\IN-LY-030\.m2\repository\org\thymeleaf\thymeleaf-spring5\3.0.9.RELEASE\thymeleaf-spring5-3.0.9.RELEASE.jar;C:\Users\IN-LY-030\.m2\repository\org\thymeleaf\thymeleaf\3.0.9.RELEASE\thymeleaf-3.0.9.RELEASE.jar;C:\Users\IN-LY-030\.m2\repository\org\attoparser\attoparser\2.0.4.RELEASE\attoparser-2.0.4.RELEASE.jar;C:\Users\IN-LY-030\.m2\repository\org\unbescape\unbescape\1.1.5.RELEASE\unbescape-1.1.5.RELEASE.jar;C:\Users\IN-LY-030\.m2\repository\org\thymeleaf\extras\thymeleaf-extras-java8time\3.0.1.RELEASE\thymeleaf-extras-java8time-3.0.1.RELEASE.jar;C:\Users\IN-LY-030\.m2\repository\org\springframework\boot\spring-boot-devtools\2.0.2.RELEASE\spring-boot-devtools-2.0.2.RELEASE.jar;C:\Users\IN-LY-030\.m2\repository\org\springframework\boot\spring-boot\2.0.2.RELEASE\spring-boot-2.0.2.RELEASE.jar;C:\Users\IN-LY-030\.m2\repository\org\springframework\boot\spring-boot-autoconfigure\2.0.2.RELEASE\spring-boot-autoconfigure-2.0.2.RELEASE.jar;C:\Users\IN-LY-030\.m2\repository\org\webjars\bootstrap\3.3.7\bootstrap-3.3.7.jar;C:\Users\IN-LY-030\.m2\repository\org\webjars\jquery\1.11.1\jquery-1.11.1.jar;C:\Users\IN-LY-030\.m2\repository\mysql\mysql-connector-java\5.1.46\mysql-connector-java-5.1.46.jar;C:\Users\IN-LY-030\.m2\repository\org\springframework\boot\spring-boot-starter-web\2.0.2.RELEASE\spring-boot-starter-web-2.0.2.RELEASE.jar;C:\Users\IN-LY-030\.m2\repository\org\springframework\boot\spring-boot-starter-json\2.0.2.RELEASE\spring-boot-starter-json-2.0.2.RELEASE.jar;C:\Users\IN-LY-030\.m2\repository\com\fasterxml\jackson\core\jackson-databind\2.9.5\jackson-databind-2.9.5.jar;C:\Users\IN-LY-030\.m2\repository\com\fasterxml\jackson\core\jackson-annotations\2.9.0\jackson-annotations-2.9.0.jar;C:\Users\IN-LY-030\.m2\repository\com\fasterxml\jackson\core\jackson-core\2.9.5\jackson-core-2.9.5.jar;C:\Users\IN-LY-030\.m2\repository\com\fasterxml\jackson\datatype\jackson-datatype-jdk8\2.9.5\jackson-datatype-jdk8-2.9.5.jar;C:\Users\IN-LY-030\.m2\repository\com\fasterxml\jackson\datatype\jackson-datatype-jsr310\2.9.5\jackson-datatype-jsr310-2.9.5.jar;C:\Users\IN-LY-030\.m2\repository\com\fasterxml\jackson\module\jackson-module-parameter-names\2.9.5\jackson-module-parameter-names-2.9.5.jar;C:\Users\IN-LY-030\.m2\repository\org\springframework\boot\spring-boot-starter-tomcat\2.0.2.RELEASE\spring-boot-starter-tomcat-2.0.2.RELEASE.jar;C:\Users\IN-LY-030\.m2\repository\org\apache\tomcat\embed\tomcat-embed-core\8.5.31\tomcat-embed-core-8.5.31.jar;C:\Users\IN-LY-030\.m2\repository\org\apache\tomcat\embed\tomcat-embed-el\8.5.31\tomcat-embed-el-8.5.31.jar;C:\Users\IN-LY-030\.m2\repository\org\apache\tomcat\embed\tomcat-embed-websocket\8.5.31\tomcat-embed-websocket-8.5.31.jar;C:\Users\IN-LY-030\.m2\repository\org\hibernate\validator\hibernate-validator\6.0.9.Final\hibernate-validator-6.0.9.Final.jar;C:\Users\IN-LY-030\.m2\repository\javax\validation\validation-api\2.0.1.Final\validation-api-2.0.1.Final.jar;C:\Users\IN-LY-030\.m2\repository\org\springframework\spring-web\5.0.6.RELEASE\spring-web-5.0.6.RELEASE.jar;C:\Users\IN-LY-030\.m2\repository\org\springframework\spring-webmvc\5.0.6.RELEASE\spring-webmvc-5.0.6.RELEASE.jar;C:\Users\IN-LY-030\.m2\repository\org\springframework\spring-expression\5.0.6.RELEASE\spring-expression-5.0.6.RELEASE.jar;C:\Users\IN-LY-030\.m2\repository\com\h2database\h2\1.4.197\h2-1.4.197.jar;C:\Users\IN-LY-030\.m2\repository\org\springframework\boot\spring-boot-starter-test\2.0.2.RELEASE\spring-boot-starter-test-2.0.2.RELEASE.jar;C:\Users\IN-LY-030\.m2\repository\org\springframework\boot\spring-boot-test\2.0.2.RELEASE\spring-boot-test-2.0.2.RELEASE.jar;C:\Users\IN-LY-030\.m2\repository\org\springframework\boot\spring-boot-test-autoconfigure\2.0.2.RELEASE\spring-boot-test-autoconfigure-2.0.2.RELEASE.jar;C:\Users\IN-LY-030\.m2\repository\com\jayway\jsonpath\json-path\2.4.0\json-path-2.4.0.jar;C:\Users\IN-LY-030\.m2\repository\net\minidev\json-smart\2.3\json-smart-2.3.jar;C:\Users\IN-LY-030\.m2\repository\net\minidev\accessors-smart\1.2\accessors-smart-1.2.jar;C:\Users\IN-LY-030\.m2\repository\org\ow2\asm\asm\5.0.4\asm-5.0.4.jar;C:\Users\IN-LY-030\.m2\repository\junit\junit\4.12\junit-4.12.jar;C:\Users\IN-LY-030\.m2\repository\org\assertj\assertj-core\3.9.1\assertj-core-3.9.1.jar;C:\Users\IN-LY-030\.m2\repository\org\mockito\mockito-core\2.15.0\mockito-core-2.15.0.jar;C:\Users\IN-LY-030\.m2\repository\org\objenesis\objenesis\2.6\objenesis-2.6.jar;C:\Users\IN-LY-030\.m2\repository\org\hamcrest\hamcrest-core\1.3\hamcrest-core-1.3.jar;C:\Users\IN-LY-030\.m2\repository\org\hamcrest\hamcrest-library\1.3\hamcrest-library-1.3.jar;C:\Users\IN-LY-030\.m2\repository\org\skyscreamer\jsonassert\1.5.0\jsonassert-1.5.0.jar;C:\Users\IN-LY-030\.m2\repository\com\vaadin\external\google\android-json\0.0.20131108.vaadin1\android-json-0.0.20131108.vaadin1.jar;C:\Users\IN-LY-030\.m2\repository\org\springframework\spring-core\5.0.6.RELEASE\spring-core-5.0.6.RELEASE.jar;C:\Users\IN-LY-030\.m2\repository\org\springframework\spring-jcl\5.0.6.RELEASE\spring-jcl-5.0.6.RELEASE.jar;C:\Users\IN-LY-030\.m2\repository\org\springframework\spring-test\5.0.6.RELEASE\spring-test-5.0.6.RELEASE.jar;C:\Users\IN-LY-030\.m2\repository\org\xmlunit\xmlunit-core\2.5.1\xmlunit-core-2.5.1.jar;"/>
    <property name="java.vm.vendor" value="Oracle Corporation"/>
    <property name="sun.arch.data.model" value="64"/>
    <property name="user.variant" value=""/>
    <property name="java.vendor.url" value="http://java.oracle.com/"/>
    <property name="user.timezone" value=""/>
    <property name="java.vm.specification.version" value="1.8"/>
    <property name="os.name" value="Windows 10"/>
    <property name="user.country" value="FR"/>
    <property name="sun.java.launcher" value="SUN_STANDARD"/>
    <property name="sun.boot.library.path" value="C:\Program Files\Java\jre1.8.0_201\bin"/>
    <property name="sun.java.command" value="C:\Users\IN-LY-~1\AppData\Local\Temp\surefire8903265780591384458\surefirebooter8690548288529984048.jar C:\Users\IN-LY-030\AppData\Local\Temp\surefire8903265780591384458 2019-05-06T12-28-13_244-jvmRun1 surefire5440220965364580185tmp surefire_04601304493537350378tmp"/>
    <property name="surefire.test.class.path" value="C:\Users\IN-LY-030\Desktop\PROJETTTTTTTT\Projet_Banque_1\target\test-classes;C:\Users\IN-LY-030\Desktop\PROJETTTTTTTT\Projet_Banque_1\target\classes;C:\Users\IN-LY-030\.m2\repository\org\mockito\mockito-all\2.0.2-beta\mockito-all-2.0.2-beta.jar;C:\Users\IN-LY-030\.m2\repository\net\bytebuddy\byte-buddy\1.7.11\byte-buddy-1.7.11.jar;C:\Users\IN-LY-030\.m2\repository\net\bytebuddy\byte-buddy-agent\1.7.11\byte-buddy-agent-1.7.11.jar;C:\Users\IN-LY-030\.m2\repository\org\springframework\boot\spring-boot-starter-data-jpa\2.0.2.RELEASE\spring-boot-starter-data-jpa-2.0.2.RELEASE.jar;C:\Users\IN-LY-030\.m2\repository\org\springframework\boot\spring-boot-starter\2.0.2.RELEASE\spring-boot-starter-2.0.2.RELEASE.jar;C:\Users\IN-LY-030\.m2\repository\org\springframework\boot\spring-boot-starter-logging\2.0.2.RELEASE\spring-boot-starter-logging-2.0.2.RELEASE.jar;C:\Users\IN-LY-030\.m2\repository\ch\qos\logback\logback-classic\1.2.3\logback-classic-1.2.3.jar;C:\Users\IN-LY-030\.m2\repository\ch\qos\logback\logback-core\1.2.3\logback-core-1.2.3.jar;C:\Users\IN-LY-030\.m2\repository\org\apache\logging\log4j\log4j-to-slf4j\2.10.0\log4j-to-slf4j-2.10.0.jar;C:\Users\IN-LY-030\.m2\repository\org\apache\logging\log4j\log4j-api\2.10.0\log4j-api-2.10.0.jar;C:\Users\IN-LY-030\.m2\repository\org\slf4j\jul-to-slf4j\1.7.25\jul-to-slf4j-1.7.25.jar;C:\Users\IN-LY-030\.m2\repository\javax\annotation\javax.annotation-api\1.3.2\javax.annotation-api-1.3.2.jar;C:\Users\IN-LY-030\.m2\repository\org\yaml\snakeyaml\1.19\snakeyaml-1.19.jar;C:\Users\IN-LY-030\.m2\repository\org\springframework\boot\spring-boot-starter-aop\2.0.2.RELEASE\spring-boot-starter-aop-2.0.2.RELEASE.jar;C:\Users\IN-LY-030\.m2\repository\org\springframework\spring-aop\5.0.6.RELEASE\spring-aop-5.0.6.RELEASE.jar;C:\Users\IN-LY-030\.m2\repository\org\aspectj\aspectjweaver\1.8.13\aspectjweaver-1.8.13.jar;C:\Users\IN-LY-030\.m2\repository\org\springframework\boot\spring-boot-starter-jdbc\2.0.2.RELEASE\spring-boot-starter-jdbc-2.0.2.RELEASE.jar;C:\Users\IN-LY-030\.m2\repository\com\zaxxer\HikariCP\2.7.9\HikariCP-2.7.9.jar;C:\Users\IN-LY-030\.m2\repository\org\springframework\spring-jdbc\5.0.6.RELEASE\spring-jdbc-5.0.6.RELEASE.jar;C:\Users\IN-LY-030\.m2\repository\org\hibernate\hibernate-core\5.2.17.Final\hibernate-core-5.2.17.Final.jar;C:\Users\IN-LY-030\.m2\repository\org\jboss\logging\jboss-logging\3.3.2.Final\jboss-logging-3.3.2.Final.jar;C:\Users\IN-LY-030\.m2\repository\org\hibernate\javax\persistence\hibernate-jpa-2.1-api\1.0.0.Final\hibernate-jpa-2.1-api-1.0.0.Final.jar;C:\Users\IN-LY-030\.m2\repository\org\javassist\javassist\3.22.0-GA\javassist-3.22.0-GA.jar;C:\Users\IN-LY-030\.m2\repository\antlr\antlr\2.7.7\antlr-2.7.7.jar;C:\Users\IN-LY-030\.m2\repository\org\jboss\jandex\2.0.3.Final\jandex-2.0.3.Final.jar;C:\Users\IN-LY-030\.m2\repository\com\fasterxml\classmate\1.3.4\classmate-1.3.4.jar;C:\Users\IN-LY-030\.m2\repository\dom4j\dom4j\1.6.1\dom4j-1.6.1.jar;C:\Users\IN-LY-030\.m2\repository\org\hibernate\common\hibernate-commons-annotations\5.0.1.Final\hibernate-commons-annotations-5.0.1.Final.jar;C:\Users\IN-LY-030\.m2\repository\javax\transaction\javax.transaction-api\1.2\javax.transaction-api-1.2.jar;C:\Users\IN-LY-030\.m2\repository\org\springframework\data\spring-data-jpa\2.0.7.RELEASE\spring-data-jpa-2.0.7.RELEASE.jar;C:\Users\IN-LY-030\.m2\repository\org\springframework\data\spring-data-commons\2.0.7.RELEASE\spring-data-commons-2.0.7.RELEASE.jar;C:\Users\IN-LY-030\.m2\repository\org\springframework\spring-orm\5.0.6.RELEASE\spring-orm-5.0.6.RELEASE.jar;C:\Users\IN-LY-030\.m2\repository\org\springframework\spring-context\5.0.6.RELEASE\spring-context-5.0.6.RELEASE.jar;C:\Users\IN-LY-030\.m2\repository\org\springframework\spring-tx\5.0.6.RELEASE\spring-tx-5.0.6.RELEASE.jar;C:\Users\IN-LY-030\.m2\repository\org\springframework\spring-beans\5.0.6.RELEASE\spring-beans-5.0.6.RELEASE.jar;C:\Users\IN-LY-030\.m2\repository\org\slf4j\slf4j-api\1.7.25\slf4j-api-1.7.25.jar;C:\Users\IN-LY-030\.m2\repository\org\springframework\spring-aspects\5.0.6.RELEASE\spring-aspects-5.0.6.RELEASE.jar;C:\Users\IN-LY-030\.m2\repository\org\springframework\boot\spring-boot-starter-thymeleaf\2.0.2.RELEASE\spring-boot-starter-thymeleaf-2.0.2.RELEASE.jar;C:\Users\IN-LY-030\.m2\repository\org\thymeleaf\thymeleaf-spring5\3.0.9.RELEASE\thymeleaf-spring5-3.0.9.RELEASE.jar;C:\Users\IN-LY-030\.m2\repository\org\thymeleaf\thymeleaf\3.0.9.RELEASE\thymeleaf-3.0.9.RELEASE.jar;C:\Users\IN-LY-030\.m2\repository\org\attoparser\attoparser\2.0.4.RELEASE\attoparser-2.0.4.RELEASE.jar;C:\Users\IN-LY-030\.m2\repository\org\unbescape\unbescape\1.1.5.RELEASE\unbescape-1.1.5.RELEASE.jar;C:\Users\IN-LY-030\.m2\repository\org\thymeleaf\extras\thymeleaf-extras-java8time\3.0.1.RELEASE\thymeleaf-extras-java8time-3.0.1.RELEASE.jar;C:\Users\IN-LY-030\.m2\repository\org\springframework\boot\spring-boot-devtools\2.0.2.RELEASE\spring-boot-devtools-2.0.2.RELEASE.jar;C:\Users\IN-LY-030\.m2\repository\org\springframework\boot\spring-boot\2.0.2.RELEASE\spring-boot-2.0.2.RELEASE.jar;C:\Users\IN-LY-030\.m2\repository\org\springframework\boot\spring-boot-autoconfigure\2.0.2.RELEASE\spring-boot-autoconfigure-2.0.2.RELEASE.jar;C:\Users\IN-LY-030\.m2\repository\org\webjars\bootstrap\3.3.7\bootstrap-3.3.7.jar;C:\Users\IN-LY-030\.m2\repository\org\webjars\jquery\1.11.1\jquery-1.11.1.jar;C:\Users\IN-LY-030\.m2\repository\mysql\mysql-connector-java\5.1.46\mysql-connector-java-5.1.46.jar;C:\Users\IN-LY-030\.m2\repository\org\springframework\boot\spring-boot-starter-web\2.0.2.RELEASE\spring-boot-starter-web-2.0.2.RELEASE.jar;C:\Users\IN-LY-030\.m2\repository\org\springframework\boot\spring-boot-starter-json\2.0.2.RELEASE\spring-boot-starter-json-2.0.2.RELEASE.jar;C:\Users\IN-LY-030\.m2\repository\com\fasterxml\jackson\core\jackson-databind\2.9.5\jackson-databind-2.9.5.jar;C:\Users\IN-LY-030\.m2\repository\com\fasterxml\jackson\core\jackson-annotations\2.9.0\jackson-annotations-2.9.0.jar;C:\Users\IN-LY-030\.m2\repository\com\fasterxml\jackson\core\jackson-core\2.9.5\jackson-core-2.9.5.jar;C:\Users\IN-LY-030\.m2\repository\com\fasterxml\jackson\datatype\jackson-datatype-jdk8\2.9.5\jackson-datatype-jdk8-2.9.5.jar;C:\Users\IN-LY-030\.m2\repository\com\fasterxml\jackson\datatype\jackson-datatype-jsr310\2.9.5\jackson-datatype-jsr310-2.9.5.jar;C:\Users\IN-LY-030\.m2\repository\com\fasterxml\jackson\module\jackson-module-parameter-names\2.9.5\jackson-module-parameter-names-2.9.5.jar;C:\Users\IN-LY-030\.m2\repository\org\springframework\boot\spring-boot-starter-tomcat\2.0.2.RELEASE\spring-boot-starter-tomcat-2.0.2.RELEASE.jar;C:\Users\IN-LY-030\.m2\repository\org\apache\tomcat\embed\tomcat-embed-core\8.5.31\tomcat-embed-core-8.5.31.jar;C:\Users\IN-LY-030\.m2\repository\org\apache\tomcat\embed\tomcat-embed-el\8.5.31\tomcat-embed-el-8.5.31.jar;C:\Users\IN-LY-030\.m2\repository\org\apache\tomcat\embed\tomcat-embed-websocket\8.5.31\tomcat-embed-websocket-8.5.31.jar;C:\Users\IN-LY-030\.m2\repository\org\hibernate\validator\hibernate-validator\6.0.9.Final\hibernate-validator-6.0.9.Final.jar;C:\Users\IN-LY-030\.m2\repository\javax\validation\validation-api\2.0.1.Final\validation-api-2.0.1.Final.jar;C:\Users\IN-LY-030\.m2\repository\org\springframework\spring-web\5.0.6.RELEASE\spring-web-5.0.6.RELEASE.jar;C:\Users\IN-LY-030\.m2\repository\org\springframework\spring-webmvc\5.0.6.RELEASE\spring-webmvc-5.0.6.RELEASE.jar;C:\Users\IN-LY-030\.m2\repository\org\springframework\spring-expression\5.0.6.RELEASE\spring-expression-5.0.6.RELEASE.jar;C:\Users\IN-LY-030\.m2\repository\com\h2database\h2\1.4.197\h2-1.4.197.jar;C:\Users\IN-LY-030\.m2\repository\org\springframework\boot\spring-boot-starter-test\2.0.2.RELEASE\spring-boot-starter-test-2.0.2.RELEASE.jar;C:\Users\IN-LY-030\.m2\repository\org\springframework\boot\spring-boot-test\2.0.2.RELEASE\spring-boot-test-2.0.2.RELEASE.jar;C:\Users\IN-LY-030\.m2\repository\org\springframework\boot\spring-boot-test-autoconfigure\2.0.2.RELEASE\spring-boot-test-autoconfigure-2.0.2.RELEASE.jar;C:\Users\IN-LY-030\.m2\repository\com\jayway\jsonpath\json-path\2.4.0\json-path-2.4.0.jar;C:\Users\IN-LY-030\.m2\repository\net\minidev\json-smart\2.3\json-smart-2.3.jar;C:\Users\IN-LY-030\.m2\repository\net\minidev\accessors-smart\1.2\accessors-smart-1.2.jar;C:\Users\IN-LY-030\.m2\repository\org\ow2\asm\asm\5.0.4\asm-5.0.4.jar;C:\Users\IN-LY-030\.m2\repository\junit\junit\4.12\junit-4.12.jar;C:\Users\IN-LY-030\.m2\repository\org\assertj\assertj-core\3.9.1\assertj-core-3.9.1.jar;C:\Users\IN-LY-030\.m2\repository\org\mockito\mockito-core\2.15.0\mockito-core-2.15.0.jar;C:\Users\IN-LY-030\.m2\repository\org\objenesis\objenesis\2.6\objenesis-2.6.jar;C:\Users\IN-LY-030\.m2\repository\org\hamcrest\hamcrest-core\1.3\hamcrest-core-1.3.jar;C:\Users\IN-LY-030\.m2\repository\org\hamcrest\hamcrest-library\1.3\hamcrest-library-1.3.jar;C:\Users\IN-LY-030\.m2\repository\org\skyscreamer\jsonassert\1.5.0\jsonassert-1.5.0.jar;C:\Users\IN-LY-030\.m2\repository\com\vaadin\external\google\android-json\0.0.20131108.vaadin1\android-json-0.0.20131108.vaadin1.jar;C:\Users\IN-LY-030\.m2\repository\org\springframework\spring-core\5.0.6.RELEASE\spring-core-5.0.6.RELEASE.jar;C:\Users\IN-LY-030\.m2\repository\org\springframework\spring-jcl\5.0.6.RELEASE\spring-jcl-5.0.6.RELEASE.jar;C:\Users\IN-LY-030\.m2\repository\org\springframework\spring-test\5.0.6.RELEASE\spring-test-5.0.6.RELEASE.jar;C:\Users\IN-LY-030\.m2\repository\org\xmlunit\xmlunit-core\2.5.1\xmlunit-core-2.5.1.jar;"/>
    <property name="sun.cpu.endian" value="little"/>
    <property name="user.home" value="C:\Users\IN-LY-030"/>
    <property name="user.language" value="fr"/>
    <property name="java.specification.vendor" value="Oracle Corporation"/>
    <property name="java.home" value="C:\Program Files\Java\jre1.8.0_201"/>
    <property name="basedir" value="C:\Users\IN-LY-030\Desktop\PROJETTTTTTTT\Projet_Banque_1"/>
    <property name="file.separator" value="\"/>
    <property name="line.separator" value="&#10;"/>
    <property name="java.vm.specification.vendor" value="Oracle Corporation"/>
    <property name="java.specification.name" value="Java Platform API Specification"/>
    <property name="java.awt.graphicsenv" value="sun.awt.Win32GraphicsEnvironment"/>
    <property name="surefire.real.class.path" value="C:\Users\IN-LY-~1\AppData\Local\Temp\surefire8903265780591384458\surefirebooter8690548288529984048.jar"/>
    <property name="sun.boot.class.path" value="C:\Program Files\Java\jre1.8.0_201\lib\resources.jar;C:\Program Files\Java\jre1.8.0_201\lib\rt.jar;C:\Program Files\Java\jre1.8.0_201\lib\sunrsasign.jar;C:\Program Files\Java\jre1.8.0_201\lib\jsse.jar;C:\Program Files\Java\jre1.8.0_201\lib\jce.jar;C:\Program Files\Java\jre1.8.0_201\lib\charsets.jar;C:\Program Files\Java\jre1.8.0_201\lib\jfr.jar;C:\Program Files\Java\jre1.8.0_201\classes"/>
    <property name="user.script" value=""/>
    <property name="sun.management.compiler" value="HotSpot 64-Bit Tiered Compilers"/>
    <property name="java.runtime.version" value="1.8.0_201-b09"/>
    <property name="user.name" value="IN-LY-030"/>
    <property name="path.separator" value=";"/>
    <property name="os.version" value="10.0"/>
    <property name="java.endorsed.dirs" value="C:\Program Files\Java\jre1.8.0_201\lib\endorsed"/>
    <property name="java.runtime.name" value="Java(TM) SE Runtime Environment"/>
    <property name="file.encoding" value="Cp1252"/>
    <property name="java.vm.name" value="Java HotSpot(TM) 64-Bit Server VM"/>
    <property name="localRepository" value="C:\Users\IN-LY-030\.m2\repository"/>
    <property name="java.vendor.url.bug" value="http://bugreport.sun.com/bugreport/"/>
    <property name="java.io.tmpdir" value="C:\Users\IN-LY-~1\AppData\Local\Temp\"/>
    <property name="java.version" value="1.8.0_201"/>
    <property name="user.dir" value="C:\Users\IN-LY-030\Desktop\PROJETTTTTTTT\Projet_Banque_1"/>
    <property name="os.arch" value="amd64"/>
    <property name="java.vm.specification.name" value="Java Virtual Machine Specification"/>
    <property name="java.awt.printerjob" value="sun.awt.windows.WPrinterJob"/>
    <property name="sun.os.patch.level" value=""/>
    <property name="java.library.path" value="C:\Program Files\Java\jre1.8.0_201\bin;C:\Windows\Sun\Java\bin;C:\Windows\system32;C:\Windows;C:/Program Files/Java/jre1.8.0_201/bin/server;C:/Program Files/Java/jre1.8.0_201/bin;C:/Program Files/Java/jre1.8.0_201/lib/amd64;C:\Program Files (x86)\Common Files\Oracle\Java\javapath;C:\Program Files\Broadcom\Broadcom 802.11 Network Adapter;C:\Windows\system32;C:\Windows;C:\Windows\System32\Wbem;C:\Windows\System32\WindowsPowerShell\v1.0\;C:\Windows\System32\OpenSSH\;C:\Program Files\Java\jdk1.8.0_201\bin;C:\Program Files\Git\cmd;C:\Program Files\nodejs\;C:\Users\IN-LY-030\AppData\Local\Microsoft\WindowsApps;C:\Users\IN-LY-030\AppData\Local\Programs\Microsoft VS Code\bin;C:\Users\IN-LY-030\AppData\Roaming\npm;C:\Windows;;."/>
    <property name="java.vm.info" value="mixed mode"/>
    <property name="java.vendor" value="Oracle Corporation"/>
    <property name="java.vm.version" value="25.201-b09"/>
    <property name="java.ext.dirs" value="C:\Program Files\Java\jre1.8.0_201\lib\ext;C:\Windows\Sun\Java\lib\ext"/>
    <property name="sun.io.unicode.encoding" value="UnicodeLittle"/>
    <property name="java.class.version" value="52.0"/>
  </properties>
  <testcase name="deleteEntity" classname="com.controller.MessageControllerTest" time="4.274"/>
  <testcase name="createEntity" classname="com.controller.MessageControllerTest" time="4.027">
    <failure type="java.lang.AssertionError">java.lang.AssertionError
	at com.controller.MessageControllerTest.createEntity(MessageControllerTest.java:119)
</failure>
    <system-out><![CDATA[2019-05-06 12:28:31.921  INFO 9236 --- [           main] o.s.w.c.s.GenericWebApplicationContext   : Closing org.springframework.web.context.support.GenericWebApplicationContext@7f41d979: startup date [Mon May 06 12:28:27 CEST 2019]; root of context hierarchy
2019-05-06 12:28:31.921  INFO 9236 --- [           main] j.LocalContainerEntityManagerFactoryBean : Closing JPA EntityManagerFactory for persistence unit 'default'
2019-05-06 12:28:31.921  INFO 9236 --- [           main] .SchemaDropperImpl$DelayedDropActionImpl : HHH000477: Starting delayed drop of schema as part of SessionFactory shut-down'
2019-05-06 12:28:31.968  WARN 9236 --- [           main] o.s.b.f.support.DisposableBeanAdapter    : Invocation of destroy method failed on bean with name 'inMemoryDatabaseShutdownExecutor': org.h2.jdbc.JdbcSQLException: La base de données est déjà fermée (pour désactiver la fermeture automatique à larrêt de la VM, ajoutez "; DB_CLOSE_ON_EXIT = FALSE" à lURL db)
Database is already closed (to disable automatic closing at VM shutdown, add ";DB_CLOSE_ON_EXIT=FALSE" to the db URL) [90121-197]
2019-05-06 12:28:31.968  INFO 9236 --- [           main] com.zaxxer.hikari.HikariDataSource       : HikariPool-2 - Shutdown initiated...
2019-05-06 12:28:32.077  INFO 9236 --- [           main] com.zaxxer.hikari.HikariDataSource       : HikariPool-2 - Shutdown completed.

  .   ____          _            __ _ _
 /\\ / ___'_ __ _ _(_)_ __  __ _ \ \ \ \
( ( )\___ | '_ | '_| | '_ \/ _` | \ \ \ \
 \\/  ___)| |_)| | | | | || (_| |  ) ) ) )
  '  |____| .__|_| |_|_| |_\__, | / / / /
 =========|_|==============|___/=/_/_/_/
 :: Spring Boot ::        (v2.0.2.RELEASE)

2019-05-06 12:28:32.218  INFO 9236 --- [           main] com.controller.MessageControllerTest     : Starting MessageControllerTest on IN-LY-030 with PID 9236 (started by IN-LY-030 in C:\Users\IN-LY-030\Desktop\PROJETTTTTTTT\Projet_Banque_1)
2019-05-06 12:28:32.233  INFO 9236 --- [           main] com.controller.MessageControllerTest     : No active profile set, falling back to default profiles: default
2019-05-06 12:28:32.280  INFO 9236 --- [           main] o.s.w.c.s.GenericWebApplicationContext   : Refreshing org.springframework.web.context.support.GenericWebApplicationContext@7f82a71f: startup date [Mon May 06 12:28:32 CEST 2019]; root of context hierarchy
2019-05-06 12:28:34.060  INFO 9236 --- [           main] trationDelegate$BeanPostProcessorChecker : Bean 'org.springframework.transaction.annotation.ProxyTransactionManagementConfiguration' of type [org.springframework.transaction.annotation.ProxyTransactionManagementConfiguration$$EnhancerBySpringCGLIB$$5ec64cfd] is not eligible for getting processed by all BeanPostProcessors (for example: not eligible for auto-proxying)
2019-05-06 12:28:34.257  INFO 9236 --- [           main] com.zaxxer.hikari.HikariDataSource       : HikariPool-3 - Starting...
2019-05-06 12:28:34.257  INFO 9236 --- [           main] com.zaxxer.hikari.HikariDataSource       : HikariPool-3 - Start completed.
2019-05-06 12:28:34.366  INFO 9236 --- [           main] j.LocalContainerEntityManagerFactoryBean : Building JPA container EntityManagerFactory for persistence unit 'default'
2019-05-06 12:28:34.382  INFO 9236 --- [           main] o.hibernate.jpa.internal.util.LogHelper  : HHH000204: Processing PersistenceUnitInfo [
	name: default
	...]
2019-05-06 12:28:34.397  INFO 9236 --- [           main] org.hibernate.dialect.Dialect            : HHH000400: Using dialect: org.hibernate.dialect.H2Dialect
2019-05-06 12:28:34.538  INFO 9236 --- [           main] o.h.t.schema.internal.SchemaCreatorImpl  : HHH000476: Executing import script 'org.hibernate.tool.schema.internal.exec.ScriptSourceInputNonExistentImpl@3caf5c96'
2019-05-06 12:28:34.538  INFO 9236 --- [           main] j.LocalContainerEntityManagerFactoryBean : Initialized JPA EntityManagerFactory for persistence unit 'default'
2019-05-06 12:28:34.772  WARN 9236 --- [           main] aWebConfiguration$JpaWebMvcConfiguration : spring.jpa.open-in-view is enabled by default. Therefore, database queries may be performed during view rendering. Explicitly configure spring.jpa.open-in-view to disable this warning
2019-05-06 12:28:34.819  INFO 9236 --- [           main] s.w.s.m.m.a.RequestMappingHandlerMapping : Mapped "{[/bankister/{id}],methods=[PUT]}" onto public com.entity.Banquier com.controller.BanquierController.updateBankist(com.entity.Banquier,int)
2019-05-06 12:28:34.819  INFO 9236 --- [           main] s.w.s.m.m.a.RequestMappingHandlerMapping : Mapped "{[/bankister/{id}],methods=[DELETE]}" onto public void com.controller.BanquierController.deleteMessage(int)
2019-05-06 12:28:34.819  INFO 9236 --- [           main] s.w.s.m.m.a.RequestMappingHandlerMapping : Mapped "{[/bankister/all],methods=[GET]}" onto public java.util.List<com.entity.Banquier> com.controller.BanquierController.findTousBanquier()
2019-05-06 12:28:34.819  INFO 9236 --- [           main] s.w.s.m.m.a.RequestMappingHandlerMapping : Mapped "{[/bankister/addbankist],methods=[POST],consumes=[application/json],produces=[application/json]}" onto public com.entity.Banquier com.controller.BanquierController.saveNewBankier(com.entity.Banquier)
2019-05-06 12:28:34.819  INFO 9236 --- [           main] s.w.s.m.m.a.RequestMappingHandlerMapping : Mapped "{[/customer/{id}],methods=[PUT]}" onto public com.entity.Client com.controller.ClientController.updateBankist(com.entity.Client,int)
2019-05-06 12:28:34.819  INFO 9236 --- [           main] s.w.s.m.m.a.RequestMappingHandlerMapping : Mapped "{[/customer/{id}],methods=[DELETE]}" onto public void com.controller.ClientController.deleteMessage(int)
2019-05-06 12:28:34.835  INFO 9236 --- [           main] s.w.s.m.m.a.RequestMappingHandlerMapping : Mapped "{[/customer/all],methods=[GET]}" onto public java.util.List<com.entity.Client> com.controller.ClientController.findTousBanquier()
2019-05-06 12:28:34.835  INFO 9236 --- [           main] s.w.s.m.m.a.RequestMappingHandlerMapping : Mapped "{[/customer/addcli],methods=[POST],consumes=[application/json],produces=[application/json]}" onto public com.entity.Client com.controller.ClientController.saveNewBankier(com.entity.Client)
2019-05-06 12:28:34.835  INFO 9236 --- [           main] s.w.s.m.m.a.RequestMappingHandlerMapping : Mapped "{[/Compte_Bancaire/{id}],methods=[DELETE]}" onto public void com.controller.CptBancaireController.deleteCompte(int)
2019-05-06 12:28:34.835  INFO 9236 --- [           main] s.w.s.m.m.a.RequestMappingHandlerMapping : Mapped "{[/Compte_Bancaire/addcb],methods=[POST],consumes=[application/json],produces=[application/json]}" onto public com.entity.CptBancaire com.controller.CptBancaireController.saveNewCompte(com.entity.CptBancaire)
2019-05-06 12:28:34.850  INFO 9236 --- [           main] s.w.s.m.m.a.RequestMappingHandlerMapping : Mapped "{[/Compte_Bancaire/all],methods=[GET]}" onto public java.util.List<com.entity.CptBancaire> com.controller.CptBancaireController.findAllComptes()
2019-05-06 12:28:34.850  INFO 9236 --- [           main] s.w.s.m.m.a.RequestMappingHandlerMapping : Mapped "{[/Compte_Bancaire/{id}],methods=[PUT]}" onto public com.entity.CptBancaire com.controller.CptBancaireController.updateCompte(com.entity.CptBancaire,int)
2019-05-06 12:28:34.850  INFO 9236 --- [           main] s.w.s.m.m.a.RequestMappingHandlerMapping : Mapped "{[/msg/{id}],methods=[DELETE]}" onto public void com.controller.MessageController.deleteMessage(int)
2019-05-06 12:28:34.850  INFO 9236 --- [           main] s.w.s.m.m.a.RequestMappingHandlerMapping : Mapped "{[/msg/all],methods=[GET]}" onto public java.util.List<com.entity.Message> com.controller.MessageController.findAllMessages()
2019-05-06 12:28:34.850  INFO 9236 --- [           main] s.w.s.m.m.a.RequestMappingHandlerMapping : Mapped "{[/msg/addmsg],methods=[POST],consumes=[application/json],produces=[application/json]}" onto public com.entity.Message com.controller.MessageController.saveNewMessage(com.entity.Message)
2019-05-06 12:28:34.866  INFO 9236 --- [           main] s.w.s.m.m.a.RequestMappingHandlerMapping : Mapped "{[/Virement/addvirement],methods=[POST],consumes=[application/json],produces=[application/json]}" onto public void com.controller.VirementController.saveNewVirement(com.entity.Virement)
2019-05-06 12:28:34.866  INFO 9236 --- [           main] s.w.s.m.m.a.RequestMappingHandlerMapping : Mapped "{[/Virement/all],methods=[GET]}" onto public java.util.List<com.entity.Virement> com.controller.VirementController.findAllVirements()
2019-05-06 12:28:34.866  INFO 9236 --- [           main] s.w.s.m.m.a.RequestMappingHandlerMapping : Mapped "{[/Virement/{id}],methods=[DELETE]}" onto public void com.controller.VirementController.deleteVirement(int)
2019-05-06 12:28:34.866  INFO 9236 --- [           main] s.w.s.m.m.a.RequestMappingHandlerMapping : Mapped "{[/error]}" onto public org.springframework.http.ResponseEntity<java.util.Map<java.lang.String, java.lang.Object>> org.springframework.boot.autoconfigure.web.servlet.error.BasicErrorController.error(javax.servlet.http.HttpServletRequest)
2019-05-06 12:28:34.866  INFO 9236 --- [           main] s.w.s.m.m.a.RequestMappingHandlerMapping : Mapped "{[/error],produces=[text/html]}" onto public org.springframework.web.servlet.ModelAndView org.springframework.boot.autoconfigure.web.servlet.error.BasicErrorController.errorHtml(javax.servlet.http.HttpServletRequest,javax.servlet.http.HttpServletResponse)
2019-05-06 12:28:35.026  INFO 9236 --- [           main] s.w.s.m.m.a.RequestMappingHandlerAdapter : Looking for @ControllerAdvice: org.springframework.web.context.support.GenericWebApplicationContext@7f82a71f: startup date [Mon May 06 12:28:32 CEST 2019]; root of context hierarchy
2019-05-06 12:28:35.621  INFO 9236 --- [           main] com.controller.MessageControllerTest     : Started MessageControllerTest in 3.544 seconds (JVM running for 21.359)
2019-05-06 12:28:35.630  INFO 9236 --- [           main] o.s.b.t.m.w.SpringBootMockServletContext : Initializing Spring FrameworkServlet ''
2019-05-06 12:28:35.630  INFO 9236 --- [           main] o.s.t.web.servlet.TestDispatcherServlet  : FrameworkServlet '': initialization started
2019-05-06 12:28:35.662  INFO 9236 --- [           main] o.s.t.web.servlet.TestDispatcherServlet  : FrameworkServlet '': initialization completed in 16 ms
2019-05-06 12:28:35.662  INFO 9236 --- [           main] com.DAO.MessageDaoTest                   : --------------Testing createEntity Method---------------
2019-05-06 12:28:35.662  INFO 9236 --- [           main] com.DAO.MessageDaoTest                   : --------------Constructing Message---------------
2019-05-06 12:28:35.662  INFO 9236 --- [           main] com.DAO.MessageDaoTest                   : --------------Serializing Message Object---------------
2019-05-06 12:28:35.782  INFO 9236 --- [           main] com.DAO.MessageDaoTest                   : --------------Mocking Context WebService and invoking the webService---------------
Bonjour cher client
2019-05-06 12:28:35.933  INFO 9236 --- [           main] com.DAO.MessageDaoTest                   : --------------Getting HTTP Status---------------
2019-05-06 12:28:35.933  INFO 9236 --- [           main] com.DAO.MessageDaoTest                   : --------------Verifying HTTP Status---------------
2019-05-06 12:28:35.933  INFO 9236 --- [           main] com.DAO.MessageDaoTest                   : --------------Searching for Message---------------
2019-05-06 12:28:35.933  INFO 9236 --- [           main] com.DAO.MessageDaoTest                   : --------------Verifying Message---------------
]]></system-out>
  </testcase>
  <testcase name="getAllEntityList" classname="com.controller.MessageControllerTest" time="3.861"/>
</testsuite>